<?xml version="1.0" encoding="UTF-8"?>
<!-- Generated by org.testng.reporters.JUnitReportReporter -->
<testsuite hostname="DESKTOP-S1JD6DI" failures="0" tests="1" name="cd_testExecution.searchFunctionality" time="134.198" errors="0" timestamp="10 Feb 2022 16:57:59 GMT">
  <testcase classname="cd_testExecution.searchFunctionality" name="searchTestCases" time="134.198"/>
</testsuite> <!-- cd_testExecution.searchFunctionality -->
