<?xml version="1.0" encoding="UTF-8"?>
<!-- Generated by org.testng.reporters.JUnitReportReporter -->
<testsuite hostname="DESKTOP-S1JD6DI" failures="0" tests="1" name="TestCases.searchTestCases" time="116.448" errors="0" timestamp="2022-02-02T19:28:20 IST" skipped="0">
  <testcase classname="TestCases.searchTestCases" name="searchTestCase_1" time="116.448"/>
  <system-out>
    <![CDATA[Base Class - Failed on highlighting the element]]>
  </system-out>
</testsuite> <!-- TestCases.searchTestCases -->
