<?xml version="1.0" encoding="UTF-8"?>
<!-- Generated by org.testng.reporters.JUnitReportReporter -->
<testsuite hostname="DESKTOP-S1JD6DI" failures="0" tests="1" name="TestCases.CD_Task" time="0.015" errors="0" timestamp="2022-01-28T14:03:06 IST" skipped="0">
  <testcase classname="TestCases.CD_Task" name="f" time="0.015"/>
  <system-out/>
</testsuite> <!-- TestCases.CD_Task -->
