<?xml version="1.0" encoding="UTF-8"?>
<!-- Generated by org.testng.reporters.JUnitReportReporter -->
<testsuite hostname="DESKTOP-S1JD6DI" failures="0" tests="1" name="cd_testcases.searchTestCases" time="134.404" errors="0" timestamp="2022-02-05T19:11:59 IST" skipped="0">
  <testcase classname="cd_testcases.searchTestCases" name="searchTestCase_1" time="134.404"/>
  <system-out/>
</testsuite> <!-- cd_testcases.searchTestCases -->
